snapshot(
localtime(date(24-9-2016), time(22:29:31)),
	tuples([

	])
).
snapshot(
localtime(date(24-9-2016), time(22:29:31)),
	tuples([

	])
).
snapshot(
localtime(date(24-9-2016), time(22:29:31)),
	tuples([

	])
).
snapshot(
localtime(date(24-9-2016), time(22:29:31)),
	tuples([

	])
).
snapshot(
localtime(date(24-9-2016), time(22:29:31)),
	tuples([

	])
).
snapshot(
localtime(date(24-9-2016), time(22:29:31)),
	tuples([

	])
).
snapshot(
localtime(date(24-9-2016), time(22:29:31)),
	tuples([

	])
).
snapshot(
localtime(date(24-9-2016), time(22:29:31)),
	tuples([

	])
).
snapshot(
localtime(date(24-9-2016), time(22:29:36)),
	tuples([

	])
).
snapshot(
localtime(date(24-9-2016), time(22:29:36)),
	tuples([

	])
).
snapshot(
localtime(date(24-9-2016), time(22:29:36)),
	tuples([

	])
).
snapshot(
localtime(date(24-9-2016), time(22:29:36)),
	tuples([

	])
).
snapshot(
localtime(date(24-9-2016), time(22:29:36)),
	tuples([

	])
).
snapshot(
localtime(date(24-9-2016), time(22:29:36)),
	tuples([

	])
).
snapshot(
localtime(date(24-9-2016), time(22:29:36)),
	tuples([

	])
).
snapshot(
localtime(date(24-9-2016), time(22:29:36)),
	tuples([

	])
).
snapshot(
localtime(date(24-9-2016), time(22:29:41)),
	tuples([

	])
).
snapshot(
localtime(date(24-9-2016), time(22:29:41)),
	tuples([

	])
).
snapshot(
localtime(date(24-9-2016), time(22:29:41)),
	tuples([

	])
).
snapshot(
localtime(date(24-9-2016), time(22:29:41)),
	tuples([

	])
).
snapshot(
localtime(date(24-9-2016), time(22:29:41)),
	tuples([

	])
).
snapshot(
localtime(date(24-9-2016), time(22:29:41)),
	tuples([

	])
).
snapshot(
localtime(date(24-9-2016), time(22:29:41)),
	tuples([

	])
).
snapshot(
localtime(date(24-9-2016), time(22:29:41)),
	tuples([

	])
).
snapshot(
localtime(date(24-9-2016), time(22:29:46)),
	tuples([

	])
).
snapshot(
localtime(date(24-9-2016), time(22:29:46)),
	tuples([

	])
).
snapshot(
localtime(date(24-9-2016), time(22:29:46)),
	tuples([

	])
).
snapshot(
localtime(date(24-9-2016), time(22:29:46)),
	tuples([

	])
).
snapshot(
localtime(date(24-9-2016), time(22:29:46)),
	tuples([

	])
).
snapshot(
localtime(date(24-9-2016), time(22:29:46)),
	tuples([

	])
).
snapshot(
localtime(date(24-9-2016), time(22:29:46)),
	tuples([

	])
).
snapshot(
localtime(date(24-9-2016), time(22:29:46)),
	tuples([

	])
).
snapshot(
localtime(date(24-9-2016), time(22:29:51)),
	tuples([

	])
).
snapshot(
localtime(date(24-9-2016), time(22:29:51)),
	tuples([

	])
).
snapshot(
localtime(date(24-9-2016), time(22:29:51)),
	tuples([

	])
).
snapshot(
localtime(date(24-9-2016), time(22:29:51)),
	tuples([

	])
).
snapshot(
localtime(date(24-9-2016), time(22:29:51)),
	tuples([

	])
).
snapshot(
localtime(date(24-9-2016), time(22:29:51)),
	tuples([

	])
).
snapshot(
localtime(date(24-9-2016), time(22:29:51)),
	tuples([

	])
).
snapshot(
localtime(date(24-9-2016), time(22:29:51)),
	tuples([

	])
).
